
-------------------
simpleNet
n_labeled: 1000
lr = 1e-3

Test: Loss: 0.48448, Acc: 87.04 %
Accuracy of     0 : 95 %
Accuracy of     1 : 97 %
Accuracy of     2 : 85 %
Accuracy of     3 : 86 %
Accuracy of     4 : 87 %
Accuracy of     5 : 79 %
Accuracy of     6 : 86 %
Accuracy of     7 : 86 %
Accuracy of     8 : 80 %
Accuracy of     9 : 83 %

-------------------
simpleNet
n_labeled: 2000
lr = 1e-3

Test: Loss: 0.49124, Acc: 88.64 %
Accuracy of     0 : 95 %
Accuracy of     1 : 97 %
Accuracy of     2 : 84 %
Accuracy of     3 : 87 %
Accuracy of     4 : 88 %
Accuracy of     5 : 82 %
Accuracy of     6 : 91 %
Accuracy of     7 : 89 %
Accuracy of     8 : 81 %
Accuracy of     9 : 85 %

-------------------
simpleNet
n_labeled: 1000
lr = 1e-3

Test: Loss: 0.48995, Acc: 86.79 %
Accuracy of     0 : 94 %
Accuracy of     1 : 97 %
Accuracy of     2 : 83 %
Accuracy of     3 : 86 %
Accuracy of     4 : 86 %
Accuracy of     5 : 77 %
Accuracy of     6 : 89 %
Accuracy of     7 : 86 %
Accuracy of     8 : 80 %
Accuracy of     9 : 83 %

-------------------
LeNet
n_labeled: 1000
lr = 1e-3

Test: Loss: 0.56122, Acc: 92.61 %
Accuracy of     0 : 98 %
Accuracy of     1 : 98 %
Accuracy of     2 : 87 %
Accuracy of     3 : 92 %
Accuracy of     4 : 91 %
Accuracy of     5 : 92 %
Accuracy of     6 : 93 %
Accuracy of     7 : 91 %
Accuracy of     8 : 88 %
Accuracy of     9 : 92 %

-------------------
LeNet
n_labeled: 2000
lr = 1e-3
optim: SGD
epcohs: 500

Test: Loss: 0.33588, Acc: 95.51 %
Accuracy of     0 : 97 %
Accuracy of     1 : 98 %
Accuracy of     2 : 95 %
Accuracy of     3 : 94 %
Accuracy of     4 : 94 %
Accuracy of     5 : 96 %
Accuracy of     6 : 96 %
Accuracy of     7 : 93 %
Accuracy of     8 : 93 %
Accuracy of     9 : 93 %

-------------------
LeNet
n_labeled: 2000
lr = 1e-3
optim: Adam
epcohs: 500

Test: Loss: 0.42920, Acc: 96.00 %
Accuracy of     0 : 98 %
Accuracy of     1 : 98 %
Accuracy of     2 : 95 %
Accuracy of     3 : 95 %
Accuracy of     4 : 97 %
Accuracy of     5 : 95 %
Accuracy of     6 : 96 %
Accuracy of     7 : 93 %
Accuracy of     8 : 94 %
Accuracy of     9 : 95 %

-------------------
LeNet
n_labeled: 2000
lr = 1e-3
optim: Adam
epcohs: 200

Test: Loss: 0.45637, Acc: 95.73 %
Accuracy of     0 : 98 %
Accuracy of     1 : 98 %
Accuracy of     2 : 94 %
Accuracy of     3 : 95 %
Accuracy of     4 : 96 %
Accuracy of     5 : 95 %
Accuracy of     6 : 96 %
Accuracy of     7 : 93 %
Accuracy of     8 : 95 %
Accuracy of     9 : 93 %
